mode: set
_/home/amitd92/gocode/github.com/mycode/GO/one.go:4.29,5.12 1 1
_/home/amitd92/gocode/github.com/mycode/GO/one.go:11.2,11.13 1 1
_/home/amitd92/gocode/github.com/mycode/GO/one.go:5.12,6.15 1 1
_/home/amitd92/gocode/github.com/mycode/GO/one.go:9.3,9.15 1 1
_/home/amitd92/gocode/github.com/mycode/GO/one.go:6.15,8.4 1 1
_/home/amitd92/gocode/github.com/mycode/GO/one.go:14.22,15.11 1 1
_/home/amitd92/gocode/github.com/mycode/GO/one.go:18.2,18.14 1 1
_/home/amitd92/gocode/github.com/mycode/GO/one.go:15.11,17.3 1 1
